2026-04-06 03:43:28 [INFO] Carregando planilha: C:\Users\eduar\Desktop\Code\MEDIA RATS CODE\MEDIARATS-ARTGEN\planilha\planilha-artgenmediarats.xlsx
2026-04-06 03:43:28 [INFO] Planilha carregada: 2 solicitação(ões) (2 pendente(s)).
2026-04-06 03:43:58 [INFO] Tentando iniciar Chrome (tentativa 1/3)...
2026-04-06 03:44:05 [INFO] Navegador Chrome iniciado com sucesso.
2026-04-06 03:44:05 [INFO] Acessando Adapta.org...
2026-04-06 03:44:09 [INFO] Navegando para: https://www.adapta.org
2026-04-06 03:44:12 [INFO] Adapta.org carregado com sucesso.
2026-04-06 03:44:12 [INFO] Iniciando geração de DUDE#1 - 10 artes
2026-04-06 03:44:12 [INFO] Gerando arte 1/10 - Prompt: Cena de praia tropical ao entardecer com produto de bebida e...
2026-04-06 03:44:12 [WARNING] Tentativa 1/3 falhou: Message: Campo de prompt não encontrado na página.; For documentation on this error, please visit: https://www.selenium.dev/documentation/webdriver/troubleshooting/errors#nosuchelementexception

2026-04-06 03:44:12 [INFO] Aguardando 2s antes de tentar novamente...
2026-04-06 03:44:14 [WARNING] Tentativa 2/3 falhou: Message: Campo de prompt não encontrado na página.; For documentation on this error, please visit: https://www.selenium.dev/documentation/webdriver/troubleshooting/errors#nosuchelementexception

2026-04-06 03:44:14 [INFO] Aguardando 4s antes de tentar novamente...
2026-04-06 03:44:18 [WARNING] Tentativa 3/3 falhou: Message: Campo de prompt não encontrado na página.; For documentation on this error, please visit: https://www.selenium.dev/documentation/webdriver/troubleshooting/errors#nosuchelementexception

2026-04-06 03:44:18 [ERROR] Arte 1/10 falhou após 3 tentativas. Pulando.
2026-04-06 03:45:37 [INFO] Carregando planilha: C:\Users\eduar\Desktop\Code\MEDIA RATS CODE\MEDIARATS-ARTGEN\planilha\planilha-artgenmediarats.xlsx
2026-04-06 03:45:37 [INFO] Planilha carregada: 2 solicitação(ões) (2 pendente(s)).
2026-04-06 14:22:42 [INFO] Carregando planilha: C:\Users\eduar\Desktop\Code\MEDIA RATS CODE\MEDIARATS-ARTGEN\planilha\planilha-artgenmediarats.xlsx
2026-04-06 14:22:42 [INFO] Planilha carregada: 2 solicitação(ões) (2 pendente(s)).
2026-04-06 14:25:18 [INFO] Tentando iniciar Chrome (tentativa 1/3)...
2026-04-06 14:25:22 [INFO] Navegador Chrome iniciado com sucesso.
2026-04-06 14:25:22 [INFO] Acessando Adapta.org...
2026-04-06 14:25:26 [INFO] Navegando para: https://www.adapta.org
2026-04-06 14:25:29 [INFO] Adapta.org carregado com sucesso.
2026-04-06 14:25:29 [INFO] Iniciando geração de DUDE#1 - 10 artes
2026-04-06 14:25:29 [INFO] Gerando arte 1/10 - Prompt: Cena de praia tropical ao entardecer com produto de bebida e...
2026-04-06 14:25:29 [WARNING] Tentativa 1/3 falhou: Message: Campo de prompt não encontrado na página.; For documentation on this error, please visit: https://www.selenium.dev/documentation/webdriver/troubleshooting/errors#nosuchelementexception

2026-04-06 14:25:29 [INFO] Aguardando 2s antes de tentar novamente...
2026-04-06 14:25:31 [WARNING] Tentativa 2/3 falhou: Message: Campo de prompt não encontrado na página.; For documentation on this error, please visit: https://www.selenium.dev/documentation/webdriver/troubleshooting/errors#nosuchelementexception

2026-04-06 14:25:31 [INFO] Aguardando 4s antes de tentar novamente...
2026-04-06 15:01:44 [INFO] Carregando planilha: C:\Users\eduar\Desktop\Code\MEDIA RATS CODE\MEDIARATS-ARTGEN\planilha\planilha-artgenmediarats.xlsx
2026-04-06 15:01:44 [INFO] Planilha carregada: 2 solicitação(ões) (2 pendente(s)).
2026-04-06 15:02:03 [INFO] Carregando planilha: C:\Users\eduar\Desktop\Code\MEDIA RATS CODE\MEDIARATS-ARTGEN\planilha\planilha-artgenmediarats.xlsx
2026-04-06 15:02:03 [INFO] Planilha carregada: 2 solicitação(ões) (2 pendente(s)).
2026-04-06 15:02:10 [INFO] Carregando planilha: C:\Users\eduar\Desktop\Code\MEDIA RATS CODE\MEDIARATS-ARTGEN\planilha\planilha-artgenmediarats.xlsx
2026-04-06 15:02:10 [INFO] Planilha carregada: 2 solicitação(ões) (2 pendente(s)).
2026-04-06 15:03:10 [INFO] Configurações salvas e recarregadas.
2026-04-06 15:03:10 [INFO] Carregando planilha: C:\Users\eduar\Desktop\Code\MEDIA RATS CODE\MEDIARATS-ARTGEN\planilha\planilha-artgenmediarats.xlsx
2026-04-06 15:03:10 [INFO] Planilha carregada: 2 solicitação(ões) (2 pendente(s)).
2026-04-06 15:03:40 [INFO] Tentando iniciar Chrome (tentativa 1/3)...
2026-04-06 15:03:43 [INFO] Navegador Chrome iniciado com sucesso.
2026-04-06 15:03:43 [INFO] Acessando Adapta.org...
2026-04-06 15:03:47 [INFO] Navegando para: https://www.adapta.org
2026-04-06 15:03:51 [INFO] Adapta.org carregado — sessão ativa.
2026-04-06 15:03:51 [INFO] Iniciando geração de DUDE#1 - 10 artes
2026-04-06 15:03:51 [INFO] Gerando arte 1/10 - Prompt: Cena de praia tropical ao entardecer com produto de bebida e...
2026-04-06 15:03:51 [WARNING] Tentativa 1/3 falhou: Message: Campo de prompt não encontrado na página.; For documentation on this error, please visit: https://www.selenium.dev/documentation/webdriver/troubleshooting/errors#nosuchelementexception

2026-04-06 15:03:51 [INFO] Aguardando 2s antes de tentar novamente...
2026-04-06 15:03:53 [WARNING] Tentativa 2/3 falhou: Message: Campo de prompt não encontrado na página.; For documentation on this error, please visit: https://www.selenium.dev/documentation/webdriver/troubleshooting/errors#nosuchelementexception

2026-04-06 15:03:53 [INFO] Aguardando 4s antes de tentar novamente...
2026-04-06 15:03:57 [WARNING] Tentativa 3/3 falhou: Message: Campo de prompt não encontrado na página.; For documentation on this error, please visit: https://www.selenium.dev/documentation/webdriver/troubleshooting/errors#nosuchelementexception

2026-04-06 15:03:57 [ERROR] Arte 1/10 falhou após 3 tentativas. Pulando.
2026-04-06 15:03:57 [INFO] Gerando arte 2/10 - Prompt: Jovens surfistas celebrando vitória na praia, logotipo Dude ...
2026-04-06 15:03:57 [WARNING] Tentativa 1/3 falhou: Message: Campo de prompt não encontrado na página.; For documentation on this error, please visit: https://www.selenium.dev/documentation/webdriver/troubleshooting/errors#nosuchelementexception

2026-04-06 15:03:57 [INFO] Aguardando 2s antes de tentar novamente...
2026-04-06 15:03:59 [WARNING] Tentativa 2/3 falhou: Message: Campo de prompt não encontrado na página.; For documentation on this error, please visit: https://www.selenium.dev/documentation/webdriver/troubleshooting/errors#nosuchelementexception

2026-04-06 15:03:59 [INFO] Aguardando 4s antes de tentar novamente...
2026-04-06 15:04:03 [WARNING] Tentativa 3/3 falhou: Message: Campo de prompt não encontrado na página.; For documentation on this error, please visit: https://www.selenium.dev/documentation/webdriver/troubleshooting/errors#nosuchelementexception

2026-04-06 15:04:03 [ERROR] Arte 2/10 falhou após 3 tentativas. Pulando.
2026-04-06 15:04:03 [INFO] Gerando arte 3/10 - Prompt: Produto Dude Energy colocado em areia molhada com ondas ao f...
2026-04-06 15:04:03 [WARNING] Tentativa 1/3 falhou: Message: Campo de prompt não encontrado na página.; For documentation on this error, please visit: https://www.selenium.dev/documentation/webdriver/troubleshooting/errors#nosuchelementexception

2026-04-06 15:04:03 [INFO] Aguardando 2s antes de tentar novamente...
2026-04-06 15:04:05 [WARNING] Tentativa 2/3 falhou: Message: Campo de prompt não encontrado na página.; For documentation on this error, please visit: https://www.selenium.dev/documentation/webdriver/troubleshooting/errors#nosuchelementexception

2026-04-06 15:04:05 [INFO] Aguardando 4s antes de tentar novamente...
2026-04-06 15:04:09 [WARNING] Tentativa 3/3 falhou: Message: Campo de prompt não encontrado na página.; For documentation on this error, please visit: https://www.selenium.dev/documentation/webdriver/troubleshooting/errors#nosuchelementexception

2026-04-06 15:04:09 [ERROR] Arte 3/10 falhou após 3 tentativas. Pulando.
2026-04-06 15:04:09 [INFO] Gerando arte 4/10 - Prompt: Flat lay de produtos de verão: óculos, protetor solar, produ...
2026-04-06 15:04:09 [WARNING] Tentativa 1/3 falhou: Message: Campo de prompt não encontrado na página.; For documentation on this error, please visit: https://www.selenium.dev/documentation/webdriver/troubleshooting/errors#nosuchelementexception

2026-04-06 15:04:09 [INFO] Aguardando 2s antes de tentar novamente...
2026-04-06 15:04:11 [WARNING] Tentativa 2/3 falhou: Message: Campo de prompt não encontrado na página.; For documentation on this error, please visit: https://www.selenium.dev/documentation/webdriver/troubleshooting/errors#nosuchelementexception

2026-04-06 15:04:11 [INFO] Aguardando 4s antes de tentar novamente...
2026-04-06 15:04:15 [WARNING] Tentativa 3/3 falhou: Message: Campo de prompt não encontrado na página.; For documentation on this error, please visit: https://www.selenium.dev/documentation/webdriver/troubleshooting/errors#nosuchelementexception

2026-04-06 15:04:15 [ERROR] Arte 4/10 falhou após 3 tentativas. Pulando.
2026-04-06 15:04:15 [INFO] Gerando arte 5/10 - Prompt: Homem atlético correndo na praia ao amanhecer, silhueta cont...
2026-04-06 15:04:15 [WARNING] Tentativa 1/3 falhou: Message: Campo de prompt não encontrado na página.; For documentation on this error, please visit: https://www.selenium.dev/documentation/webdriver/troubleshooting/errors#nosuchelementexception

2026-04-06 15:04:15 [INFO] Aguardando 2s antes de tentar novamente...
2026-04-06 15:04:17 [WARNING] Tentativa 2/3 falhou: Message: Campo de prompt não encontrado na página.; For documentation on this error, please visit: https://www.selenium.dev/documentation/webdriver/troubleshooting/errors#nosuchelementexception

2026-04-06 15:04:17 [INFO] Aguardando 4s antes de tentar novamente...
2026-04-06 15:04:19 [WARNING] Cancelamento solicitado...
2026-04-06 15:04:21 [ERROR] Arte 5/10 falhou após 3 tentativas. Pulando.
2026-04-06 15:04:21 [WARNING] Geração cancelada pelo usuário.
2026-04-06 15:04:21 [INFO] Geração de DUDE#1 CONCLUÍDA! 0/10 artes salvas em C:\Users\eduar\Desktop\Code\MEDIA RATS CODE\MEDIARATS-ARTGEN\output\DUDE_1
2026-04-06 15:04:21 [INFO] Planilha atualizada para DUDE#1.
2026-04-06 15:37:01 [INFO] Carregando planilha: C:\Users\eduar\Desktop\Code\MEDIA RATS CODE\MEDIARATS-ARTGEN\planilha\planilha-artgenmediarats.xlsx
2026-04-06 15:37:02 [INFO] Planilha carregada: 2 solicitação(ões) (1 pendente(s)).
2026-04-06 15:37:06 [INFO] Tentando iniciar Chrome (tentativa 1/3)...
2026-04-06 15:37:09 [INFO] Navegador Chrome iniciado com sucesso.
2026-04-06 15:37:09 [INFO] Acessando Adapta.org...
2026-04-06 15:37:14 [INFO] Navegando para: https://www.adapta.org
2026-04-06 15:37:17 [INFO] Adapta.org carregado — sessão ativa.
2026-04-06 15:37:17 [INFO] [Chat] Resolvendo chat: 'DUDE - Dude Brand'...
2026-04-06 15:37:17 [INFO] [Chat] Buscando pasta 'Media Rats - ArtGen' no sidebar...
2026-04-06 15:37:17 [WARNING] [Chat] Pasta 'Media Rats - ArtGen' não localizada no sidebar.
2026-04-06 15:37:17 [INFO] [Chat] Criando novo chat para 'DUDE - Dude Brand'...
2026-04-06 15:37:17 [WARNING] [Chat] Botão 'novo chat' não encontrado.
2026-04-06 15:37:17 [WARNING] [Chat] ✗ Não foi possível resolver chat para 'DUDE'. Continuando na página atual.
2026-04-06 15:37:17 [INFO] Iniciando geração de DUDE#1 - 10 artes
2026-04-06 15:37:17 [INFO] Gerando arte 1/10 - Prompt: Cena de praia tropical ao entardecer com produto de bebida e...
2026-04-06 15:37:17 [WARNING] Tentativa 1/3 falhou: Message: Campo de prompt não encontrado na página.; For documentation on this error, please visit: https://www.selenium.dev/documentation/webdriver/troubleshooting/errors#nosuchelementexception

2026-04-06 15:37:17 [INFO] Aguardando 2s antes de tentar novamente...
2026-04-06 15:37:59 [INFO] Carregando planilha: C:\Users\eduar\Desktop\Code\MEDIA RATS CODE\MEDIARATS-ARTGEN\planilha\planilha-artgenmediarats.xlsx
2026-04-06 15:37:59 [INFO] Planilha carregada: 2 solicitação(ões) (1 pendente(s)).
2026-04-06 15:38:19 [INFO] Configurações salvas e recarregadas.
2026-04-06 15:38:19 [INFO] Carregando planilha: C:\Users\eduar\Desktop\Code\MEDIA RATS CODE\MEDIARATS-ARTGEN\planilha\planilha-artgenmediarats.xlsx
2026-04-06 15:38:19 [INFO] Planilha carregada: 2 solicitação(ões) (1 pendente(s)).
2026-04-06 15:38:24 [INFO] Tentando iniciar Chrome (tentativa 1/3)...
2026-04-06 15:38:27 [INFO] Navegador Chrome iniciado com sucesso.
2026-04-06 15:38:27 [INFO] Acessando Adapta.org...
2026-04-06 15:38:28 [INFO] Navegando para: https://agent.adapta.one
2026-04-06 15:38:31 [INFO] Tela de login detectada. Tentando login automático...
2026-04-06 15:38:32 [WARNING] Campos de e-mail/senha não localizados na página de login.
2026-04-06 15:38:32 [WARNING] Login automático falhou. Credenciais incorretas ou página mudou.
2026-04-06 15:38:32 [WARNING] Login necessário. Faça o login no navegador aberto e clique em 'Iniciar Geração' novamente.
2026-04-06 15:39:32 [INFO] Acessando Adapta.org...
2026-04-06 15:39:33 [INFO] Navegando para: https://agent.adapta.one
2026-04-06 15:39:36 [INFO] Adapta.org carregado — sessão ativa.
2026-04-06 15:39:36 [INFO] [Chat] Resolvendo chat: 'DUDE - Dude Brand'...
2026-04-06 15:39:36 [INFO] [Chat] Buscando pasta 'Media Rats - ArtGen' no sidebar...
2026-04-06 15:39:36 [WARNING] [Chat] Pasta 'Media Rats - ArtGen' não localizada no sidebar.
2026-04-06 15:39:36 [INFO] [Chat] Criando novo chat para 'DUDE - Dude Brand'...
2026-04-06 15:39:37 [WARNING] [Chat] Botão 'novo chat' não encontrado.
2026-04-06 15:39:37 [WARNING] [Chat] ✗ Não foi possível resolver chat para 'DUDE'. Continuando na página atual.
2026-04-06 15:39:37 [INFO] Iniciando geração de DUDE#1 - 10 artes
2026-04-06 15:39:37 [INFO] Gerando arte 1/10 - Prompt: Cena de praia tropical ao entardecer com produto de bebida e...
2026-04-06 15:39:37 [WARNING] Tentativa 1/3 falhou: Message: Campo de prompt não encontrado na página.; For documentation on this error, please visit: https://www.selenium.dev/documentation/webdriver/troubleshooting/errors#nosuchelementexception

2026-04-06 15:39:37 [INFO] Aguardando 2s antes de tentar novamente...
2026-04-06 15:39:39 [WARNING] Tentativa 2/3 falhou: Message: Campo de prompt não encontrado na página.; For documentation on this error, please visit: https://www.selenium.dev/documentation/webdriver/troubleshooting/errors#nosuchelementexception

2026-04-06 15:39:39 [INFO] Aguardando 4s antes de tentar novamente...
2026-04-06 15:39:43 [WARNING] Tentativa 3/3 falhou: Message: Campo de prompt não encontrado na página.; For documentation on this error, please visit: https://www.selenium.dev/documentation/webdriver/troubleshooting/errors#nosuchelementexception

2026-04-06 15:39:43 [ERROR] Arte 1/10 falhou após 3 tentativas. Pulando.
2026-04-06 15:39:43 [INFO] Gerando arte 2/10 - Prompt: Jovens surfistas celebrando vitória na praia, logotipo Dude ...
2026-04-06 15:39:43 [WARNING] Tentativa 1/3 falhou: Message: Campo de prompt não encontrado na página.; For documentation on this error, please visit: https://www.selenium.dev/documentation/webdriver/troubleshooting/errors#nosuchelementexception

2026-04-06 15:39:43 [INFO] Aguardando 2s antes de tentar novamente...
2026-04-06 15:39:45 [WARNING] Geração pausada pelo usuário.
2026-04-06 15:39:45 [WARNING] Tentativa 2/3 falhou: Message: Campo de prompt não encontrado na página.; For documentation on this error, please visit: https://www.selenium.dev/documentation/webdriver/troubleshooting/errors#nosuchelementexception

2026-04-06 15:39:45 [INFO] Aguardando 4s antes de tentar novamente...
2026-04-06 15:39:49 [WARNING] Tentativa 3/3 falhou: Message: Campo de prompt não encontrado na página.; For documentation on this error, please visit: https://www.selenium.dev/documentation/webdriver/troubleshooting/errors#nosuchelementexception

2026-04-06 15:39:49 [ERROR] Arte 2/10 falhou após 3 tentativas. Pulando.
2026-04-06 15:43:09 [INFO] Gerando arte 3/10 - Prompt: Produto Dude Energy colocado em areia molhada com ondas ao f...
2026-04-06 15:43:09 [ERROR] Arte 3/10 falhou após 3 tentativas. Pulando.
2026-04-06 15:43:09 [WARNING] Geração cancelada pelo usuário.
2026-04-06 15:43:09 [INFO] Geração de DUDE#1 CONCLUÍDA! 0/10 artes salvas em C:\Users\eduar\Desktop\Code\MEDIA RATS CODE\MEDIARATS-ARTGEN\output\DUDE_1
2026-04-06 15:43:12 [INFO] Navegador fechado.
2026-04-06 15:43:12 [INFO] Planilha atualizada para DUDE#1.
